c:\users\swjnmsl\source\repos\myapp\myapp\release\vc141.pdb
c:\users\swjnmsl\source\repos\myapp\myapp\release\ratnum.nativecodeanalysis.xml
c:\users\swjnmsl\source\repos\myapp\myapp\release\myapp.nativecodeanalysis.xml
c:\users\swjnmsl\source\repos\myapp\myapp\release\function.nativecodeanalysis.xml
c:\users\swjnmsl\source\repos\myapp\myapp\release\arithmetic3.nativecodeanalysis.xml
c:\users\swjnmsl\source\repos\myapp\myapp\release\arithmetic2.nativecodeanalysis.xml
c:\users\swjnmsl\source\repos\myapp\myapp\release\arithmetic1.nativecodeanalysis.xml
c:\users\swjnmsl\source\repos\myapp\myapp\release\arithmetic1.obj
c:\users\swjnmsl\source\repos\myapp\myapp\release\arithmetic2.obj
c:\users\swjnmsl\source\repos\myapp\myapp\release\arithmetic3.obj
c:\users\swjnmsl\source\repos\myapp\myapp\release\function.obj
c:\users\swjnmsl\source\repos\myapp\myapp\release\myapp.obj
c:\users\swjnmsl\source\repos\myapp\myapp\release\ratnum.obj
c:\users\swjnmsl\source\repos\myapp\release\myapp.exe
c:\users\swjnmsl\source\repos\myapp\release\myapp.pdb
c:\users\swjnmsl\source\repos\myapp\release\myapp.ipdb
c:\users\swjnmsl\source\repos\myapp\release\myapp.iobj
c:\users\swjnmsl\source\repos\myapp\myapp\release\nativecodeanalysis.read.1.tlog
c:\users\swjnmsl\source\repos\myapp\myapp\release\vc.nativecodeanalysis.all.xml
c:\users\swjnmsl\source\repos\myapp\myapp\release\myapp.tlog\cl.command.1.tlog
c:\users\swjnmsl\source\repos\myapp\myapp\release\myapp.tlog\cl.read.1.tlog
c:\users\swjnmsl\source\repos\myapp\myapp\release\myapp.tlog\cl.write.1.tlog
c:\users\swjnmsl\source\repos\myapp\myapp\release\myapp.tlog\link.command.1.tlog
c:\users\swjnmsl\source\repos\myapp\myapp\release\myapp.tlog\link.read.1.tlog
c:\users\swjnmsl\source\repos\myapp\myapp\release\myapp.tlog\link.write.1.tlog
c:\users\swjnmsl\source\repos\myapp\myapp\release\myapp.tlog\myapp.write.1u.tlog
